# JRE version: Java(TM) SE Runtime Environment (20.0.2+9) (build 20.0.2+9-78)
# Java VM: Java HotSpot(TM) 64-Bit Server VM (20.0.2+9-78, mixed mode, sharing, tiered, compressed oops, compressed class ptrs, g1 gc, windows-amd64)
GC Precious Log:
 CardTable entry size: 512
 Card Set container configuration: InlinePtr #cards 5 size 8 Array Of Cards #cards 12 size 40 Howl #buckets 4 coarsen threshold 1843 Howl Bitmap #cards 512 size 80 coarsen threshold 460 Card regions per heap region 1 cards per card region 2048
 CPUs: 8 total, 8 available
 Memory: 6081M
 Large Page Support: Disabled
 NUMA Support: Disabled
 Compressed Oops: Enabled (32-bit)
 Heap Region Size: 1M
 Heap Min Capacity: 8M
 Heap Initial Capacity: 96M
 Heap Max Capacity: 1522M
 Pre-touch: Disabled
 Parallel Workers: 8
 Concurrent Workers: 2
 Concurrent Refinement Workers: 8
 Periodic GC: Disabled
Heap:
 garbage-first heap   total 55296K, used 34865K [0x00000000a0e00000, 0x0000000100000000)
  region size 1024K, 19 young (19456K), 4 survivors (4096K)
 Metaspace       used 37611K, committed 38016K, reserved 1114112K
  class space    used 4795K, committed 4992K, reserved 1048576K
GC Heap History (14 events):
Event: 2.714 GC heap before
{Heap before GC invocations=0 (full 0):
 garbage-first heap   total 98304K, used 24576K [0x00000000a0e00000, 0x0000000100000000)
  region size 1024K, 23 young (23552K), 0 survivors (0K)
 Metaspace       used 6149K, committed 6272K, reserved 1114112K
  class space    used 660K, committed 704K, reserved 1048576K
}
Event: 2.728 GC heap after
{Heap after GC invocations=1 (full 0):
 garbage-first heap   total 98304K, used 7552K [0x00000000a0e00000, 0x0000000100000000)
  region size 1024K, 3 young (3072K), 3 survivors (3072K)
 Metaspace       used 6149K, committed 6272K, reserved 1114112K
  class space    used 660K, committed 704K, reserved 1048576K
}
Event: 5.539 GC heap before
{Heap before GC invocations=1 (full 0):
 garbage-first heap   total 98304K, used 31104K [0x00000000a0e00000, 0x0000000100000000)
  region size 1024K, 27 young (27648K), 3 survivors (3072K)
 Metaspace       used 12576K, committed 12864K, reserved 1114112K
  class space    used 1549K, committed 1664K, reserved 1048576K
}
Event: 5.548 GC heap after
{Heap after GC invocations=2 (full 0):
 garbage-first heap   total 98304K, used 10320K [0x00000000a0e00000, 0x0000000100000000)
  region size 1024K, 3 young (3072K), 3 survivors (3072K)
 Metaspace       used 12576K, committed 12864K, reserved 1114112K
  class space    used 1549K, committed 1664K, reserved 1048576K
}
Event: 7.195 GC heap before
{Heap before GC invocations=2 (full 0):
 garbage-first heap   total 98304K, used 51280K [0x00000000a0e00000, 0x0000000100000000)
  region size 1024K, 45 young (46080K), 3 survivors (3072K)
 Metaspace       used 21251K, committed 21504K, reserved 1114112K
  class space    used 2620K, committed 2752K, reserved 1048576K
}
Event: 7.220 GC heap after
{Heap after GC invocations=3 (full 0):
 garbage-first heap   total 98304K, used 13547K [0x00000000a0e00000, 0x0000000100000000)
  region size 1024K, 6 young (6144K), 6 survivors (6144K)
 Metaspace       used 21251K, committed 21504K, reserved 1114112K
  class space    used 2620K, committed 2752K, reserved 1048576K
}
Event: 9.164 GC heap before
{Heap before GC invocations=4 (full 0):
 garbage-first heap   total 55296K, used 39147K [0x00000000a0e00000, 0x0000000100000000)
  region size 1024K, 32 young (32768K), 6 survivors (6144K)
 Metaspace       used 23553K, committed 23872K, reserved 1114112K
  class space    used 2930K, committed 3072K, reserved 1048576K
}
Event: 9.178 GC heap after
{Heap after GC invocations=5 (full 0):
 garbage-first heap   total 55296K, used 14802K [0x00000000a0e00000, 0x0000000100000000)
  region size 1024K, 3 young (3072K), 3 survivors (3072K)
 Metaspace       used 23553K, committed 23872K, reserved 1114112K
  class space    used 2930K, committed 3072K, reserved 1048576K
}
Event: 11.555 GC heap before
{Heap before GC invocations=5 (full 0):
 garbage-first heap   total 55296K, used 39378K [0x00000000a0e00000, 0x0000000100000000)
  region size 1024K, 28 young (28672K), 3 survivors (3072K)
 Metaspace       used 28071K, committed 28416K, reserved 1114112K
  class space    used 3566K, committed 3712K, reserved 1048576K
}
Event: 11.570 GC heap after
{Heap after GC invocations=6 (full 0):
 garbage-first heap   total 55296K, used 16857K [0x00000000a0e00000, 0x0000000100000000)
  region size 1024K, 4 young (4096K), 4 survivors (4096K)
 Metaspace       used 28071K, committed 28416K, reserved 1114112K
  class space    used 3566K, committed 3712K, reserved 1048576K
}
Event: 13.639 GC heap before
{Heap before GC invocations=6 (full 0):
 garbage-first heap   total 55296K, used 43481K [0x00000000a0e00000, 0x0000000100000000)
  region size 1024K, 29 young (29696K), 4 survivors (4096K)
 Metaspace       used 32842K, committed 33280K, reserved 1114112K
  class space    used 4138K, committed 4352K, reserved 1048576K
}
Event: 13.645 GC heap after
{Heap after GC invocations=7 (full 0):
 garbage-first heap   total 55296K, used 19602K [0x00000000a0e00000, 0x0000000100000000)
  region size 1024K, 3 young (3072K), 3 survivors (3072K)
 Metaspace       used 32842K, committed 33280K, reserved 1114112K
  class space    used 4138K, committed 4352K, reserved 1048576K
}
Event: 15.564 GC heap before
{Heap before GC invocations=7 (full 0):
 garbage-first heap   total 55296K, used 34962K [0x00000000a0e00000, 0x0000000100000000)
  region size 1024K, 19 young (19456K), 3 survivors (3072K)
 Metaspace       used 35602K, committed 35968K, reserved 1114112K
  class space    used 4477K, committed 4672K, reserved 1048576K
}
Event: 15.568 GC heap after
{Heap after GC invocations=8 (full 0):
 garbage-first heap   total 55296K, used 20529K [0x00000000a0e00000, 0x0000000100000000)
  region size 1024K, 4 young (4096K), 4 survivors (4096K)
 Metaspace       used 35602K, committed 35968K, reserved 1114112K
  class space    used 4477K, committed 4672K, reserved 1048576K
}

